{
  "stats": {
    "suites": 1,
    "tests": 2,
    "passes": 2,
    "pending": 0,
    "failures": 0,
    "start": "2022-05-10T09:58:02.664Z",
    "end": "2022-05-10T09:58:04.603Z",
    "duration": 1939,
    "testsRegistered": 2,
    "passPercent": 100,
    "pendingPercent": 0,
    "other": 0,
    "hasOther": false,
    "skipped": 0,
    "hasSkipped": false
  },
  "results": [
    {
      "uuid": "672cce32-a27d-414a-800e-5124f7895ac3",
      "title": "",
      "fullFile": "cypress/integration/compoTesting.js",
      "file": "cypress/integration/compoTesting.js",
      "beforeHooks": [],
      "afterHooks": [],
      "tests": [],
      "suites": [
        {
          "uuid": "1b5307ea-d351-4b24-b1e3-234e68ec6c7c",
          "title": "Test",
          "fullFile": "",
          "file": "",
          "beforeHooks": [],
          "afterHooks": [],
          "tests": [
            {
              "title": "Check Title",
              "fullTitle": "Test Check Title",
              "timedOut": null,
              "duration": 1454,
              "state": "passed",
              "speed": "fast",
              "pass": true,
              "fail": false,
              "pending": false,
              "context": null,
              "code": "// test\ncy.contains('ระบบรับสมัครนักศึกญาระดับปริญญาโท').should('exist');",
              "err": {},
              "uuid": "d20d7df6-94f9-4a69-8031-1db0031f23fe",
              "parentUUID": "1b5307ea-d351-4b24-b1e3-234e68ec6c7c",
              "isHook": false,
              "skipped": false
            },
            {
              "title": "Check Title",
              "fullTitle": "Test Check Title",
              "timedOut": null,
              "duration": 446,
              "state": "passed",
              "speed": "fast",
              "pass": true,
              "fail": false,
              "pending": false,
              "context": null,
              "code": "// test\ncy.contains('สถาบันเทคโนโลยีพระจอมเกล้าเจ้าคุณทหารลาดกระบัง').should('exist');",
              "err": {},
              "uuid": "f60766f5-a332-4dba-9b30-ff3e0029b1b1",
              "parentUUID": "1b5307ea-d351-4b24-b1e3-234e68ec6c7c",
              "isHook": false,
              "skipped": false
            }
          ],
          "suites": [],
          "passes": [
            "d20d7df6-94f9-4a69-8031-1db0031f23fe",
            "f60766f5-a332-4dba-9b30-ff3e0029b1b1"
          ],
          "failures": [],
          "pending": [],
          "skipped": [],
          "duration": 1900,
          "root": false,
          "rootEmpty": false,
          "_timeout": 2000
        }
      ],
      "passes": [],
      "failures": [],
      "pending": [],
      "skipped": [],
      "duration": 0,
      "root": true,
      "rootEmpty": true,
      "_timeout": 2000
    }
  ],
  "meta": {
    "mocha": {
      "version": "7.0.1"
    },
    "mochawesome": {
      "options": {
        "quiet": false,
        "reportFilename": "report",
        "saveHtml": true,
        "saveJson": true,
        "consoleReporter": "spec",
        "useInlineDiffs": false,
        "code": true
      },
      "version": "7.1.3"
    },
    "marge": {
      "options": {
        "reportDir": "cypress/reports",
        "reportFilename": "report",
        "overwrite": false,
        "html": true,
        "json": true,
        "charts": true
      },
      "version": "6.2.0"
    }
  }
}